-------------------------------------------------------------------------------
Test set: com.docencia.algoritmos.OrdenacionServiceTest
-------------------------------------------------------------------------------
Tests run: 7, Failures: 1, Errors: 6, Skipped: 0, Time elapsed: 0.006 s <<< FAILURE! -- in com.docencia.algoritmos.OrdenacionServiceTest
com.docencia.algoritmos.OrdenacionServiceTest.ordenarBurbujaAscendenteDatosValidosDevuelveListaOrdenada -- Time elapsed: 0 s <<< ERROR!
java.lang.UnsupportedOperationException: Unimplemented method 'ordenarBurbujaAscendente'
	at com.docencia.algoritmos.OrdenacionServiceImpl.ordenarBurbujaAscendente(OrdenacionServiceImpl.java:12)
	at com.docencia.algoritmos.OrdenacionServiceTest.ordenarBurbujaAscendenteDatosValidosDevuelveListaOrdenada(OrdenacionServiceTest.java:10)
	at java.base/java.lang.reflect.Method.invoke(Method.java:580)
	at java.base/java.util.ArrayList.forEach(ArrayList.java:1596)
	at java.base/java.util.ArrayList.forEach(ArrayList.java:1596)

com.docencia.algoritmos.OrdenacionServiceTest.ordenarBurbujaAscendenteListaNullLanzaExcepcion -- Time elapsed: 0.001 s <<< FAILURE!
org.opentest4j.AssertionFailedError: Unexpected exception type thrown, expected: <java.lang.IllegalArgumentException> but was: <java.lang.UnsupportedOperationException>
	at org.junit.jupiter.api.AssertionFailureBuilder.build(AssertionFailureBuilder.java:151)
	at org.junit.jupiter.api.AssertThrows.assertThrows(AssertThrows.java:67)
	at org.junit.jupiter.api.AssertThrows.assertThrows(AssertThrows.java:35)
	at org.junit.jupiter.api.Assertions.assertThrows(Assertions.java:3115)
	at com.docencia.algoritmos.OrdenacionServiceTest.ordenarBurbujaAscendenteListaNullLanzaExcepcion(OrdenacionServiceTest.java:11)
	at java.base/java.lang.reflect.Method.invoke(Method.java:580)
	at java.base/java.util.ArrayList.forEach(ArrayList.java:1596)
	at java.base/java.util.ArrayList.forEach(ArrayList.java:1596)
Caused by: java.lang.UnsupportedOperationException: Unimplemented method 'ordenarBurbujaAscendente'
	at com.docencia.algoritmos.OrdenacionServiceImpl.ordenarBurbujaAscendente(OrdenacionServiceImpl.java:12)
	at com.docencia.algoritmos.OrdenacionServiceTest.lambda$ordenarBurbujaAscendenteListaNullLanzaExcepcion$0(OrdenacionServiceTest.java:11)
	at org.junit.jupiter.api.AssertThrows.assertThrows(AssertThrows.java:53)
	... 6 more

com.docencia.algoritmos.OrdenacionServiceTest.ordenarBurbujaDescendenteDatosValidosDevuelveListaOrdenada -- Time elapsed: 0.001 s <<< ERROR!
java.lang.UnsupportedOperationException: Unimplemented method 'ordenarBurbujaDescendente'
	at com.docencia.algoritmos.OrdenacionServiceImpl.ordenarBurbujaDescendente(OrdenacionServiceImpl.java:18)
	at com.docencia.algoritmos.OrdenacionServiceTest.ordenarBurbujaDescendenteDatosValidosDevuelveListaOrdenada(OrdenacionServiceTest.java:12)
	at java.base/java.lang.reflect.Method.invoke(Method.java:580)
	at java.base/java.util.ArrayList.forEach(ArrayList.java:1596)
	at java.base/java.util.ArrayList.forEach(ArrayList.java:1596)

com.docencia.algoritmos.OrdenacionServiceTest.ordenarPalabrasAlfabeticamenteDatosValidosDevuelveListaOrdenada -- Time elapsed: 0 s <<< ERROR!
java.lang.UnsupportedOperationException: Unimplemented method 'ordenarPalabrasAlfabeticamente'
	at com.docencia.algoritmos.OrdenacionServiceImpl.ordenarPalabrasAlfabeticamente(OrdenacionServiceImpl.java:24)
	at com.docencia.algoritmos.OrdenacionServiceTest.ordenarPalabrasAlfabeticamenteDatosValidosDevuelveListaOrdenada(OrdenacionServiceTest.java:13)
	at java.base/java.lang.reflect.Method.invoke(Method.java:580)
	at java.base/java.util.ArrayList.forEach(ArrayList.java:1596)
	at java.base/java.util.ArrayList.forEach(ArrayList.java:1596)

com.docencia.algoritmos.OrdenacionServiceTest.invertirListaDatosValidosDevuelveListaInvertida -- Time elapsed: 0 s <<< ERROR!
java.lang.UnsupportedOperationException: Unimplemented method 'invertirLista'
	at com.docencia.algoritmos.OrdenacionServiceImpl.invertirLista(OrdenacionServiceImpl.java:30)
	at com.docencia.algoritmos.OrdenacionServiceTest.invertirListaDatosValidosDevuelveListaInvertida(OrdenacionServiceTest.java:14)
	at java.base/java.lang.reflect.Method.invoke(Method.java:580)
	at java.base/java.util.ArrayList.forEach(ArrayList.java:1596)
	at java.base/java.util.ArrayList.forEach(ArrayList.java:1596)

com.docencia.algoritmos.OrdenacionServiceTest.estaOrdenadaAscendenteListaOrdenadaDevuelveTrue -- Time elapsed: 0.001 s <<< ERROR!
java.lang.UnsupportedOperationException: Unimplemented method 'estaOrdenadaAscendente'
	at com.docencia.algoritmos.OrdenacionServiceImpl.estaOrdenadaAscendente(OrdenacionServiceImpl.java:36)
	at com.docencia.algoritmos.OrdenacionServiceTest.estaOrdenadaAscendenteListaOrdenadaDevuelveTrue(OrdenacionServiceTest.java:15)
	at java.base/java.lang.reflect.Method.invoke(Method.java:580)
	at java.base/java.util.ArrayList.forEach(ArrayList.java:1596)
	at java.base/java.util.ArrayList.forEach(ArrayList.java:1596)

com.docencia.algoritmos.OrdenacionServiceTest.estaOrdenadaAscendenteListaDesordenadaDevuelveFalse -- Time elapsed: 0 s <<< ERROR!
java.lang.UnsupportedOperationException: Unimplemented method 'estaOrdenadaAscendente'
	at com.docencia.algoritmos.OrdenacionServiceImpl.estaOrdenadaAscendente(OrdenacionServiceImpl.java:36)
	at com.docencia.algoritmos.OrdenacionServiceTest.estaOrdenadaAscendenteListaDesordenadaDevuelveFalse(OrdenacionServiceTest.java:16)
	at java.base/java.lang.reflect.Method.invoke(Method.java:580)
	at java.base/java.util.ArrayList.forEach(ArrayList.java:1596)
	at java.base/java.util.ArrayList.forEach(ArrayList.java:1596)

