-------------------------------------------------------------------------------
Test set: com.docencia.colecciones.SetServiceTest
-------------------------------------------------------------------------------
Tests run: 6, Failures: 1, Errors: 5, Skipped: 0, Time elapsed: 0.006 s <<< FAILURE! -- in com.docencia.colecciones.SetServiceTest
com.docencia.colecciones.SetServiceTest.obtenerElementosUnicosConDuplicadosDevuelveSetSinDuplicados -- Time elapsed: 0 s <<< ERROR!
java.lang.UnsupportedOperationException: Unimplemented method 'obtenerElementosUnicos'
	at com.docencia.colecciones.SetServiceImpl.obtenerElementosUnicos(SetServiceImpl.java:12)
	at com.docencia.colecciones.SetServiceTest.obtenerElementosUnicosConDuplicadosDevuelveSetSinDuplicados(SetServiceTest.java:14)
	at java.base/java.lang.reflect.Method.invoke(Method.java:580)
	at java.base/java.util.ArrayList.forEach(ArrayList.java:1596)
	at java.base/java.util.ArrayList.forEach(ArrayList.java:1596)

com.docencia.colecciones.SetServiceTest.contieneElementoExistenteDevuelveTrue -- Time elapsed: 0.001 s <<< ERROR!
java.lang.UnsupportedOperationException: Unimplemented method 'contieneElemento'
	at com.docencia.colecciones.SetServiceImpl.contieneElemento(SetServiceImpl.java:18)
	at com.docencia.colecciones.SetServiceTest.contieneElementoExistenteDevuelveTrue(SetServiceTest.java:19)
	at java.base/java.lang.reflect.Method.invoke(Method.java:580)
	at java.base/java.util.ArrayList.forEach(ArrayList.java:1596)
	at java.base/java.util.ArrayList.forEach(ArrayList.java:1596)

com.docencia.colecciones.SetServiceTest.contieneElementoValorNullLanzaExcepcion -- Time elapsed: 0.001 s <<< FAILURE!
org.opentest4j.AssertionFailedError: Unexpected exception type thrown, expected: <java.lang.IllegalArgumentException> but was: <java.lang.UnsupportedOperationException>
	at org.junit.jupiter.api.AssertionFailureBuilder.build(AssertionFailureBuilder.java:151)
	at org.junit.jupiter.api.AssertThrows.assertThrows(AssertThrows.java:67)
	at org.junit.jupiter.api.AssertThrows.assertThrows(AssertThrows.java:35)
	at org.junit.jupiter.api.Assertions.assertThrows(Assertions.java:3115)
	at com.docencia.colecciones.SetServiceTest.contieneElementoValorNullLanzaExcepcion(SetServiceTest.java:24)
	at java.base/java.lang.reflect.Method.invoke(Method.java:580)
	at java.base/java.util.ArrayList.forEach(ArrayList.java:1596)
	at java.base/java.util.ArrayList.forEach(ArrayList.java:1596)
Caused by: java.lang.UnsupportedOperationException: Unimplemented method 'contieneElemento'
	at com.docencia.colecciones.SetServiceImpl.contieneElemento(SetServiceImpl.java:18)
	at com.docencia.colecciones.SetServiceTest.lambda$contieneElementoValorNullLanzaExcepcion$0(SetServiceTest.java:24)
	at org.junit.jupiter.api.AssertThrows.assertThrows(AssertThrows.java:53)
	... 6 more

com.docencia.colecciones.SetServiceTest.unirConjuntosDatosValidosDevuelveUnion -- Time elapsed: 0 s <<< ERROR!
java.lang.UnsupportedOperationException: Unimplemented method 'unirConjuntos'
	at com.docencia.colecciones.SetServiceImpl.unirConjuntos(SetServiceImpl.java:24)
	at com.docencia.colecciones.SetServiceTest.unirConjuntosDatosValidosDevuelveUnion(SetServiceTest.java:29)
	at java.base/java.lang.reflect.Method.invoke(Method.java:580)
	at java.base/java.util.ArrayList.forEach(ArrayList.java:1596)
	at java.base/java.util.ArrayList.forEach(ArrayList.java:1596)

com.docencia.colecciones.SetServiceTest.intersectarConjuntosConCoincidenciasDevuelveInterseccion -- Time elapsed: 0.001 s <<< ERROR!
java.lang.UnsupportedOperationException: Unimplemented method 'intersectarConjuntos'
	at com.docencia.colecciones.SetServiceImpl.intersectarConjuntos(SetServiceImpl.java:30)
	at com.docencia.colecciones.SetServiceTest.intersectarConjuntosConCoincidenciasDevuelveInterseccion(SetServiceTest.java:34)
	at java.base/java.lang.reflect.Method.invoke(Method.java:580)
	at java.base/java.util.ArrayList.forEach(ArrayList.java:1596)
	at java.base/java.util.ArrayList.forEach(ArrayList.java:1596)

com.docencia.colecciones.SetServiceTest.restarConjuntosDatosValidosDevuelveDiferencia -- Time elapsed: 0 s <<< ERROR!
java.lang.UnsupportedOperationException: Unimplemented method 'restarConjuntos'
	at com.docencia.colecciones.SetServiceImpl.restarConjuntos(SetServiceImpl.java:36)
	at com.docencia.colecciones.SetServiceTest.restarConjuntosDatosValidosDevuelveDiferencia(SetServiceTest.java:39)
	at java.base/java.lang.reflect.Method.invoke(Method.java:580)
	at java.base/java.util.ArrayList.forEach(ArrayList.java:1596)
	at java.base/java.util.ArrayList.forEach(ArrayList.java:1596)

