-------------------------------------------------------------------------------
Test set: com.docencia.colecciones.ListServiceTest
-------------------------------------------------------------------------------
Tests run: 8, Failures: 2, Errors: 6, Skipped: 0, Time elapsed: 0.007 s <<< FAILURE! -- in com.docencia.colecciones.ListServiceTest
com.docencia.colecciones.ListServiceTest.filtrarPalabrasPorLongitudDatosValidosDevuelveListaFiltrada -- Time elapsed: 0.001 s <<< ERROR!
java.lang.UnsupportedOperationException: Unimplemented method 'filtrarPalabrasPorLongitud'
	at com.docencia.colecciones.ListServiceImpl.filtrarPalabrasPorLongitud(ListServiceImpl.java:12)
	at com.docencia.colecciones.ListServiceTest.filtrarPalabrasPorLongitudDatosValidosDevuelveListaFiltrada(ListServiceTest.java:13)
	at java.base/java.lang.reflect.Method.invoke(Method.java:580)
	at java.base/java.util.ArrayList.forEach(ArrayList.java:1596)
	at java.base/java.util.ArrayList.forEach(ArrayList.java:1596)

com.docencia.colecciones.ListServiceTest.filtrarPalabrasPorLongitudListaVaciaDevuelveListaVacia -- Time elapsed: 0.001 s <<< ERROR!
java.lang.UnsupportedOperationException: Unimplemented method 'filtrarPalabrasPorLongitud'
	at com.docencia.colecciones.ListServiceImpl.filtrarPalabrasPorLongitud(ListServiceImpl.java:12)
	at com.docencia.colecciones.ListServiceTest.filtrarPalabrasPorLongitudListaVaciaDevuelveListaVacia(ListServiceTest.java:18)
	at java.base/java.lang.reflect.Method.invoke(Method.java:580)
	at java.base/java.util.ArrayList.forEach(ArrayList.java:1596)
	at java.base/java.util.ArrayList.forEach(ArrayList.java:1596)

com.docencia.colecciones.ListServiceTest.filtrarPalabrasPorLongitudLongitudInvalidaLanzaExcepcion -- Time elapsed: 0.001 s <<< FAILURE!
org.opentest4j.AssertionFailedError: Unexpected exception type thrown, expected: <java.lang.IllegalArgumentException> but was: <java.lang.UnsupportedOperationException>
	at org.junit.jupiter.api.AssertionFailureBuilder.build(AssertionFailureBuilder.java:151)
	at org.junit.jupiter.api.AssertThrows.assertThrows(AssertThrows.java:67)
	at org.junit.jupiter.api.AssertThrows.assertThrows(AssertThrows.java:35)
	at org.junit.jupiter.api.Assertions.assertThrows(Assertions.java:3115)
	at com.docencia.colecciones.ListServiceTest.filtrarPalabrasPorLongitudLongitudInvalidaLanzaExcepcion(ListServiceTest.java:23)
	at java.base/java.lang.reflect.Method.invoke(Method.java:580)
	at java.base/java.util.ArrayList.forEach(ArrayList.java:1596)
	at java.base/java.util.ArrayList.forEach(ArrayList.java:1596)
Caused by: java.lang.UnsupportedOperationException: Unimplemented method 'filtrarPalabrasPorLongitud'
	at com.docencia.colecciones.ListServiceImpl.filtrarPalabrasPorLongitud(ListServiceImpl.java:12)
	at com.docencia.colecciones.ListServiceTest.lambda$filtrarPalabrasPorLongitudLongitudInvalidaLanzaExcepcion$0(ListServiceTest.java:23)
	at org.junit.jupiter.api.AssertThrows.assertThrows(AssertThrows.java:53)
	... 6 more

com.docencia.colecciones.ListServiceTest.ordenarNumerosAscendenteDatosValidosDevuelveListaOrdenada -- Time elapsed: 0 s <<< ERROR!
java.lang.UnsupportedOperationException: Unimplemented method 'ordenarNumerosAscendente'
	at com.docencia.colecciones.ListServiceImpl.ordenarNumerosAscendente(ListServiceImpl.java:18)
	at com.docencia.colecciones.ListServiceTest.ordenarNumerosAscendenteDatosValidosDevuelveListaOrdenada(ListServiceTest.java:28)
	at java.base/java.lang.reflect.Method.invoke(Method.java:580)
	at java.base/java.util.ArrayList.forEach(ArrayList.java:1596)
	at java.base/java.util.ArrayList.forEach(ArrayList.java:1596)

com.docencia.colecciones.ListServiceTest.sumarElementosListaDatosValidosDevuelveSuma -- Time elapsed: 0 s <<< ERROR!
java.lang.UnsupportedOperationException: Unimplemented method 'sumarElementosLista'
	at com.docencia.colecciones.ListServiceImpl.sumarElementosLista(ListServiceImpl.java:24)
	at com.docencia.colecciones.ListServiceTest.sumarElementosListaDatosValidosDevuelveSuma(ListServiceTest.java:33)
	at java.base/java.lang.reflect.Method.invoke(Method.java:580)
	at java.base/java.util.ArrayList.forEach(ArrayList.java:1596)
	at java.base/java.util.ArrayList.forEach(ArrayList.java:1596)

com.docencia.colecciones.ListServiceTest.calcularMediaListaDatosValidosDevuelveMedia -- Time elapsed: 0 s <<< ERROR!
java.lang.UnsupportedOperationException: Unimplemented method 'calcularMediaLista'
	at com.docencia.colecciones.ListServiceImpl.calcularMediaLista(ListServiceImpl.java:30)
	at com.docencia.colecciones.ListServiceTest.calcularMediaListaDatosValidosDevuelveMedia(ListServiceTest.java:38)
	at java.base/java.lang.reflect.Method.invoke(Method.java:580)
	at java.base/java.util.ArrayList.forEach(ArrayList.java:1596)
	at java.base/java.util.ArrayList.forEach(ArrayList.java:1596)

com.docencia.colecciones.ListServiceTest.calcularMediaListaListaVaciaLanzaExcepcion -- Time elapsed: 0 s <<< FAILURE!
org.opentest4j.AssertionFailedError: Unexpected exception type thrown, expected: <java.lang.IllegalArgumentException> but was: <java.lang.UnsupportedOperationException>
	at org.junit.jupiter.api.AssertionFailureBuilder.build(AssertionFailureBuilder.java:151)
	at org.junit.jupiter.api.AssertThrows.assertThrows(AssertThrows.java:67)
	at org.junit.jupiter.api.AssertThrows.assertThrows(AssertThrows.java:35)
	at org.junit.jupiter.api.Assertions.assertThrows(Assertions.java:3115)
	at com.docencia.colecciones.ListServiceTest.calcularMediaListaListaVaciaLanzaExcepcion(ListServiceTest.java:43)
	at java.base/java.lang.reflect.Method.invoke(Method.java:580)
	at java.base/java.util.ArrayList.forEach(ArrayList.java:1596)
	at java.base/java.util.ArrayList.forEach(ArrayList.java:1596)
Caused by: java.lang.UnsupportedOperationException: Unimplemented method 'calcularMediaLista'
	at com.docencia.colecciones.ListServiceImpl.calcularMediaLista(ListServiceImpl.java:30)
	at com.docencia.colecciones.ListServiceTest.lambda$calcularMediaListaListaVaciaLanzaExcepcion$1(ListServiceTest.java:43)
	at org.junit.jupiter.api.AssertThrows.assertThrows(AssertThrows.java:53)
	... 6 more

com.docencia.colecciones.ListServiceTest.eliminarNumerosDuplicadosConDuplicadosDevuelveListaSinDuplicados -- Time elapsed: 0 s <<< ERROR!
java.lang.UnsupportedOperationException: Unimplemented method 'eliminarNumerosDuplicados'
	at com.docencia.colecciones.ListServiceImpl.eliminarNumerosDuplicados(ListServiceImpl.java:36)
	at com.docencia.colecciones.ListServiceTest.eliminarNumerosDuplicadosConDuplicadosDevuelveListaSinDuplicados(ListServiceTest.java:48)
	at java.base/java.lang.reflect.Method.invoke(Method.java:580)
	at java.base/java.util.ArrayList.forEach(ArrayList.java:1596)
	at java.base/java.util.ArrayList.forEach(ArrayList.java:1596)

