-------------------------------------------------------------------------------
Test set: com.docencia.ficheros.CsvServiceTest
-------------------------------------------------------------------------------
Tests run: 8, Failures: 2, Errors: 6, Skipped: 0, Time elapsed: 0.019 s <<< FAILURE! -- in com.docencia.ficheros.CsvServiceTest
com.docencia.ficheros.CsvServiceTest.leerLineasCsvFicheroExistenteDevuelveLineas -- Time elapsed: 0.011 s <<< ERROR!
java.lang.UnsupportedOperationException: Unimplemented method 'leerLineasCsv'
	at com.docencia.ficheros.CsvServiceImpl.leerLineasCsv(CsvServiceImpl.java:16)
	at com.docencia.ficheros.CsvServiceTest.leerLineasCsvFicheroExistenteDevuelveLineas(CsvServiceTest.java:19)
	at java.base/java.lang.reflect.Method.invoke(Method.java:580)
	at java.base/java.util.ArrayList.forEach(ArrayList.java:1596)
	at java.base/java.util.ArrayList.forEach(ArrayList.java:1596)

com.docencia.ficheros.CsvServiceTest.leerLineasCsvFicheroInexistenteLanzaExcepcion -- Time elapsed: 0.001 s <<< FAILURE!
org.opentest4j.AssertionFailedError: Unexpected exception type thrown, expected: <java.lang.IllegalArgumentException> but was: <java.lang.UnsupportedOperationException>
	at org.junit.jupiter.api.AssertionFailureBuilder.build(AssertionFailureBuilder.java:151)
	at org.junit.jupiter.api.AssertThrows.assertThrows(AssertThrows.java:67)
	at org.junit.jupiter.api.AssertThrows.assertThrows(AssertThrows.java:35)
	at org.junit.jupiter.api.Assertions.assertThrows(Assertions.java:3115)
	at com.docencia.ficheros.CsvServiceTest.leerLineasCsvFicheroInexistenteLanzaExcepcion(CsvServiceTest.java:20)
	at java.base/java.lang.reflect.Method.invoke(Method.java:580)
	at java.base/java.util.ArrayList.forEach(ArrayList.java:1596)
	at java.base/java.util.ArrayList.forEach(ArrayList.java:1596)
Caused by: java.lang.UnsupportedOperationException: Unimplemented method 'leerLineasCsv'
	at com.docencia.ficheros.CsvServiceImpl.leerLineasCsv(CsvServiceImpl.java:16)
	at com.docencia.ficheros.CsvServiceTest.lambda$leerLineasCsvFicheroInexistenteLanzaExcepcion$0(CsvServiceTest.java:20)
	at org.junit.jupiter.api.AssertThrows.assertThrows(AssertThrows.java:53)
	... 6 more

com.docencia.ficheros.CsvServiceTest.leerRegistrosCsvFicheroValidoDevuelveRegistros -- Time elapsed: 0.001 s <<< ERROR!
java.lang.UnsupportedOperationException: Unimplemented method 'leerRegistrosCsv'
	at com.docencia.ficheros.CsvServiceImpl.leerRegistrosCsv(CsvServiceImpl.java:22)
	at com.docencia.ficheros.CsvServiceTest.leerRegistrosCsvFicheroValidoDevuelveRegistros(CsvServiceTest.java:21)
	at java.base/java.lang.reflect.Method.invoke(Method.java:580)
	at java.base/java.util.ArrayList.forEach(ArrayList.java:1596)
	at java.base/java.util.ArrayList.forEach(ArrayList.java:1596)

com.docencia.ficheros.CsvServiceTest.escribirLineasCsvDatosValidosCreaFichero -- Time elapsed: 0 s <<< ERROR!
java.lang.UnsupportedOperationException: Unimplemented method 'escribirLineasCsv'
	at com.docencia.ficheros.CsvServiceImpl.escribirLineasCsv(CsvServiceImpl.java:28)
	at com.docencia.ficheros.CsvServiceTest.escribirLineasCsvDatosValidosCreaFichero(CsvServiceTest.java:24)
	at java.base/java.lang.reflect.Method.invoke(Method.java:580)
	at java.base/java.util.ArrayList.forEach(ArrayList.java:1596)
	at java.base/java.util.ArrayList.forEach(ArrayList.java:1596)

com.docencia.ficheros.CsvServiceTest.contarRegistrosCsvFicheroValidoDevuelveCantidad -- Time elapsed: 0 s <<< ERROR!
java.lang.UnsupportedOperationException: Unimplemented method 'contarRegistrosCsv'
	at com.docencia.ficheros.CsvServiceImpl.contarRegistrosCsv(CsvServiceImpl.java:34)
	at com.docencia.ficheros.CsvServiceTest.contarRegistrosCsvFicheroValidoDevuelveCantidad(CsvServiceTest.java:27)
	at java.base/java.lang.reflect.Method.invoke(Method.java:580)
	at java.base/java.util.ArrayList.forEach(ArrayList.java:1596)
	at java.base/java.util.ArrayList.forEach(ArrayList.java:1596)

com.docencia.ficheros.CsvServiceTest.filtrarRegistrosPorValorCoincidenciasDevuelveRegistros -- Time elapsed: 0.001 s <<< ERROR!
java.lang.UnsupportedOperationException: Unimplemented method 'filtrarRegistrosPorValor'
	at com.docencia.ficheros.CsvServiceImpl.filtrarRegistrosPorValor(CsvServiceImpl.java:40)
	at com.docencia.ficheros.CsvServiceTest.filtrarRegistrosPorValorCoincidenciasDevuelveRegistros(CsvServiceTest.java:28)
	at java.base/java.lang.reflect.Method.invoke(Method.java:580)
	at java.base/java.util.ArrayList.forEach(ArrayList.java:1596)
	at java.base/java.util.ArrayList.forEach(ArrayList.java:1596)

com.docencia.ficheros.CsvServiceTest.filtrarRegistrosPorValorColumnaInvalidaLanzaExcepcion -- Time elapsed: 0.001 s <<< FAILURE!
org.opentest4j.AssertionFailedError: Unexpected exception type thrown, expected: <java.lang.IllegalArgumentException> but was: <java.lang.UnsupportedOperationException>
	at org.junit.jupiter.api.AssertionFailureBuilder.build(AssertionFailureBuilder.java:151)
	at org.junit.jupiter.api.AssertThrows.assertThrows(AssertThrows.java:67)
	at org.junit.jupiter.api.AssertThrows.assertThrows(AssertThrows.java:35)
	at org.junit.jupiter.api.Assertions.assertThrows(Assertions.java:3115)
	at com.docencia.ficheros.CsvServiceTest.filtrarRegistrosPorValorColumnaInvalidaLanzaExcepcion(CsvServiceTest.java:29)
	at java.base/java.lang.reflect.Method.invoke(Method.java:580)
	at java.base/java.util.ArrayList.forEach(ArrayList.java:1596)
	at java.base/java.util.ArrayList.forEach(ArrayList.java:1596)
Caused by: java.lang.UnsupportedOperationException: Unimplemented method 'filtrarRegistrosPorValor'
	at com.docencia.ficheros.CsvServiceImpl.filtrarRegistrosPorValor(CsvServiceImpl.java:40)
	at com.docencia.ficheros.CsvServiceTest.lambda$filtrarRegistrosPorValorColumnaInvalidaLanzaExcepcion$1(CsvServiceTest.java:29)
	at org.junit.jupiter.api.AssertThrows.assertThrows(AssertThrows.java:53)
	... 6 more

com.docencia.ficheros.CsvServiceTest.contarFrecuenciaColumnaDatosValidosDevuelveMapaFrecuencias -- Time elapsed: 0.001 s <<< ERROR!
java.lang.UnsupportedOperationException: Unimplemented method 'contarFrecuenciaColumna'
	at com.docencia.ficheros.CsvServiceImpl.contarFrecuenciaColumna(CsvServiceImpl.java:46)
	at com.docencia.ficheros.CsvServiceTest.contarFrecuenciaColumnaDatosValidosDevuelveMapaFrecuencias(CsvServiceTest.java:30)
	at java.base/java.lang.reflect.Method.invoke(Method.java:580)
	at java.base/java.util.ArrayList.forEach(ArrayList.java:1596)
	at java.base/java.util.ArrayList.forEach(ArrayList.java:1596)

