<?xml version="1.0" encoding="UTF-8"?>
<testsuite xmlns:xsi="http://www.w3.org/2001/XMLSchema-instance" xsi:noNamespaceSchemaLocation="https://maven.apache.org/surefire/maven-surefire-plugin/xsd/surefire-test-report-3.0.xsd" version="3.0" name="com.docencia.cadenas.StringServiceTest" time="0.005" tests="8" errors="7" skipped="0" failures="1">
  <properties>
[...]
</properties>
  <testcase name="normalizarTextoConEspaciosDevuelveTextoLimpio" classname="com.docencia.cadenas.StringServiceTest" time="0.0">
    <error message="Unimplemented method &apos;normalizarTexto&apos;" type="java.lang.UnsupportedOperationException"><![CDATA[java.lang.UnsupportedOperationException: Unimplemented method 'normalizarTexto'
	at com.docencia.cadenas.StringServiceImpl.normalizarTexto(StringServiceImpl.java:8)
	at com.docencia.cadenas.StringServiceTest.normalizarTextoConEspaciosDevuelveTextoLimpio(StringServiceTest.java:9)
	at java.base/java.lang.reflect.Method.invoke(Method.java:580)
	at java.base/java.util.ArrayList.forEach(ArrayList.java:1596)
	at java.base/java.util.ArrayList.forEach(ArrayList.java:1596)
]]></error>
  </testcase>
  <testcase name="normalizarTextoTextoNullLanzaExcepcion" classname="com.docencia.cadenas.StringServiceTest" time="0.0">
    <failure message="Unexpected exception type thrown, expected: &lt;java.lang.IllegalArgumentException&gt; but was: &lt;java.lang.UnsupportedOperationException&gt;" type="org.opentest4j.AssertionFailedError"><![CDATA[org.opentest4j.AssertionFailedError: Unexpected exception type thrown, expected: <java.lang.IllegalArgumentException> but was: <java.lang.UnsupportedOperationException>
	at org.junit.jupiter.api.AssertionFailureBuilder.build(AssertionFailureBuilder.java:151)
	at org.junit.jupiter.api.AssertThrows.assertThrows(AssertThrows.java:67)
	at org.junit.jupiter.api.AssertThrows.assertThrows(AssertThrows.java:35)
	at org.junit.jupiter.api.Assertions.assertThrows(Assertions.java:3115)
	at com.docencia.cadenas.StringServiceTest.normalizarTextoTextoNullLanzaExcepcion(StringServiceTest.java:10)
	at java.base/java.lang.reflect.Method.invoke(Method.java:580)
	at java.base/java.util.ArrayList.forEach(ArrayList.java:1596)
	at java.base/java.util.ArrayList.forEach(ArrayList.java:1596)
Caused by: java.lang.UnsupportedOperationException: Unimplemented method 'normalizarTexto'
	at com.docencia.cadenas.StringServiceImpl.normalizarTexto(StringServiceImpl.java:8)
	at com.docencia.cadenas.StringServiceTest.lambda$normalizarTextoTextoNullLanzaExcepcion$0(StringServiceTest.java:10)
	at org.junit.jupiter.api.AssertThrows.assertThrows(AssertThrows.java:53)
	... 6 more
]]></failure>
  </testcase>
  <testcase name="esPalindromoTextoPalindromoDevuelveTrue" classname="com.docencia.cadenas.StringServiceTest" time="0.0">
    <error message="Unimplemented method &apos;esPalindromo&apos;" type="java.lang.UnsupportedOperationException"><![CDATA[java.lang.UnsupportedOperationException: Unimplemented method 'esPalindromo'
	at com.docencia.cadenas.StringServiceImpl.esPalindromo(StringServiceImpl.java:14)
	at com.docencia.cadenas.StringServiceTest.esPalindromoTextoPalindromoDevuelveTrue(StringServiceTest.java:11)
	at java.base/java.lang.reflect.Method.invoke(Method.java:580)
	at java.base/java.util.ArrayList.forEach(ArrayList.java:1596)
	at java.base/java.util.ArrayList.forEach(ArrayList.java:1596)
]]></error>
  </testcase>
  <testcase name="esPalindromoIgnorandoEspaciosDevuelveTrue" classname="com.docencia.cadenas.StringServiceTest" time="0.0">
    <error message="Unimplemented method &apos;esPalindromo&apos;" type="java.lang.UnsupportedOperationException"><![CDATA[java.lang.UnsupportedOperationException: Unimplemented method 'esPalindromo'
	at com.docencia.cadenas.StringServiceImpl.esPalindromo(StringServiceImpl.java:14)
	at com.docencia.cadenas.StringServiceTest.esPalindromoIgnorandoEspaciosDevuelveTrue(StringServiceTest.java:12)
	at java.base/java.lang.reflect.Method.invoke(Method.java:580)
	at java.base/java.util.ArrayList.forEach(ArrayList.java:1596)
	at java.base/java.util.ArrayList.forEach(ArrayList.java:1596)
]]></error>
  </testcase>
  <testcase name="contarVocalesTextoValidoDevuelveCantidad" classname="com.docencia.cadenas.StringServiceTest" time="0.0">
    <error message="Unimplemented method &apos;contarVocales&apos;" type="java.lang.UnsupportedOperationException"><![CDATA[java.lang.UnsupportedOperationException: Unimplemented method 'contarVocales'
	at com.docencia.cadenas.StringServiceImpl.contarVocales(StringServiceImpl.java:20)
	at com.docencia.cadenas.StringServiceTest.contarVocalesTextoValidoDevuelveCantidad(StringServiceTest.java:13)
	at java.base/java.lang.reflect.Method.invoke(Method.java:580)
	at java.base/java.util.ArrayList.forEach(ArrayList.java:1596)
	at java.base/java.util.ArrayList.forEach(ArrayList.java:1596)
]]></error>
  </testcase>
  <testcase name="extraerInicialesNombreCompletoDevuelveIniciales" classname="com.docencia.cadenas.StringServiceTest" time="0.0">
    <error message="Unimplemented method &apos;extraerIniciales&apos;" type="java.lang.UnsupportedOperationException"><![CDATA[java.lang.UnsupportedOperationException: Unimplemented method 'extraerIniciales'
	at com.docencia.cadenas.StringServiceImpl.extraerIniciales(StringServiceImpl.java:26)
	at com.docencia.cadenas.StringServiceTest.extraerInicialesNombreCompletoDevuelveIniciales(StringServiceTest.java:14)
	at java.base/java.lang.reflect.Method.invoke(Method.java:580)
	at java.base/java.util.ArrayList.forEach(ArrayList.java:1596)
	at java.base/java.util.ArrayList.forEach(ArrayList.java:1596)
]]></error>
  </testcase>
  <testcase name="invertirTextoDatosValidosDevuelveTextoInvertido" classname="com.docencia.cadenas.StringServiceTest" time="0.0">
    <error message="Unimplemented method &apos;invertirTexto&apos;" type="java.lang.UnsupportedOperationException"><![CDATA[java.lang.UnsupportedOperationException: Unimplemented method 'invertirTexto'
	at com.docencia.cadenas.StringServiceImpl.invertirTexto(StringServiceImpl.java:32)
	at com.docencia.cadenas.StringServiceTest.invertirTextoDatosValidosDevuelveTextoInvertido(StringServiceTest.java:15)
	at java.base/java.lang.reflect.Method.invoke(Method.java:580)
	at java.base/java.util.ArrayList.forEach(ArrayList.java:1596)
	at java.base/java.util.ArrayList.forEach(ArrayList.java:1596)
]]></error>
  </testcase>
  <testcase name="contieneSoloLetrasConNumerosDevuelveFalse" classname="com.docencia.cadenas.StringServiceTest" time="0.001">
    <error message="Unimplemented method &apos;contieneSoloLetras&apos;" type="java.lang.UnsupportedOperationException"><![CDATA[java.lang.UnsupportedOperationException: Unimplemented method 'contieneSoloLetras'
	at com.docencia.cadenas.StringServiceImpl.contieneSoloLetras(StringServiceImpl.java:38)
	at com.docencia.cadenas.StringServiceTest.contieneSoloLetrasConNumerosDevuelveFalse(StringServiceTest.java:16)
	at java.base/java.lang.reflect.Method.invoke(Method.java:580)
	at java.base/java.util.ArrayList.forEach(ArrayList.java:1596)
	at java.base/java.util.ArrayList.forEach(ArrayList.java:1596)
]]></error>
  </testcase>
</testsuite>