<?xml version="1.0" encoding="UTF-8"?>
<testsuite xmlns:xsi="http://www.w3.org/2001/XMLSchema-instance" xsi:noNamespaceSchemaLocation="https://maven.apache.org/surefire/maven-surefire-plugin/xsd/surefire-test-report-3.0.xsd" version="3.0" name="com.docencia.herencia.HerenciaServiceTest" time="0.03" tests="9" errors="5" skipped="0" failures="1">
  <properties>
[...]
</properties>
  <testcase name="personaEsClaseAbstracta" classname="com.docencia.herencia.HerenciaServiceTest" time="0.008"/>
  <testcase name="alumnoHeredaDePersona" classname="com.docencia.herencia.HerenciaServiceTest" time="0.001"/>
  <testcase name="alumnoEsInstanciaDePersona" classname="com.docencia.herencia.HerenciaServiceTest" time="0.0"/>
  <testcase name="obtenerNombreCompletoAlumnoValidoDevuelveNombreCompleto" classname="com.docencia.herencia.HerenciaServiceTest" time="0.002">
    <error message="Unimplemented method &apos;obtenerNombreCompleto&apos;" type="java.lang.UnsupportedOperationException"><![CDATA[java.lang.UnsupportedOperationException: Unimplemented method 'obtenerNombreCompleto'
	at com.docencia.herencia.HerenciaServiceImpl.obtenerNombreCompleto(HerenciaServiceImpl.java:8)
	at com.docencia.herencia.HerenciaServiceTest.obtenerNombreCompletoAlumnoValidoDevuelveNombreCompleto(HerenciaServiceTest.java:13)
	at java.base/java.lang.reflect.Method.invoke(Method.java:580)
	at java.base/java.util.ArrayList.forEach(ArrayList.java:1596)
	at java.base/java.util.ArrayList.forEach(ArrayList.java:1596)
]]></error>
  </testcase>
  <testcase name="obtenerNombreCompletoPersonaNullLanzaExcepcion" classname="com.docencia.herencia.HerenciaServiceTest" time="0.001">
    <failure message="Unexpected exception type thrown, expected: &lt;java.lang.IllegalArgumentException&gt; but was: &lt;java.lang.UnsupportedOperationException&gt;" type="org.opentest4j.AssertionFailedError"><![CDATA[org.opentest4j.AssertionFailedError: Unexpected exception type thrown, expected: <java.lang.IllegalArgumentException> but was: <java.lang.UnsupportedOperationException>
	at org.junit.jupiter.api.AssertionFailureBuilder.build(AssertionFailureBuilder.java:151)
	at org.junit.jupiter.api.AssertThrows.assertThrows(AssertThrows.java:67)
	at org.junit.jupiter.api.AssertThrows.assertThrows(AssertThrows.java:35)
	at org.junit.jupiter.api.Assertions.assertThrows(Assertions.java:3115)
	at com.docencia.herencia.HerenciaServiceTest.obtenerNombreCompletoPersonaNullLanzaExcepcion(HerenciaServiceTest.java:14)
	at java.base/java.lang.reflect.Method.invoke(Method.java:580)
	at java.base/java.util.ArrayList.forEach(ArrayList.java:1596)
	at java.base/java.util.ArrayList.forEach(ArrayList.java:1596)
Caused by: java.lang.UnsupportedOperationException: Unimplemented method 'obtenerNombreCompleto'
	at com.docencia.herencia.HerenciaServiceImpl.obtenerNombreCompleto(HerenciaServiceImpl.java:8)
	at com.docencia.herencia.HerenciaServiceTest.lambda$obtenerNombreCompletoPersonaNullLanzaExcepcion$0(HerenciaServiceTest.java:14)
	at org.junit.jupiter.api.AssertThrows.assertThrows(AssertThrows.java:53)
	... 6 more
]]></failure>
  </testcase>
  <testcase name="esAlumnoConAlumnoDevuelveTrue" classname="com.docencia.herencia.HerenciaServiceTest" time="0.0">
    <error message="Unimplemented method &apos;esAlumno&apos;" type="java.lang.UnsupportedOperationException"><![CDATA[java.lang.UnsupportedOperationException: Unimplemented method 'esAlumno'
	at com.docencia.herencia.HerenciaServiceImpl.esAlumno(HerenciaServiceImpl.java:14)
	at com.docencia.herencia.HerenciaServiceTest.esAlumnoConAlumnoDevuelveTrue(HerenciaServiceTest.java:15)
	at java.base/java.lang.reflect.Method.invoke(Method.java:580)
	at java.base/java.util.ArrayList.forEach(ArrayList.java:1596)
	at java.base/java.util.ArrayList.forEach(ArrayList.java:1596)
]]></error>
  </testcase>
  <testcase name="obtenerDescripcionPersonaAlumnoDevuelveDescripcion" classname="com.docencia.herencia.HerenciaServiceTest" time="0.001">
    <error message="Unimplemented method &apos;obtenerDescripcionPersona&apos;" type="java.lang.UnsupportedOperationException"><![CDATA[java.lang.UnsupportedOperationException: Unimplemented method 'obtenerDescripcionPersona'
	at com.docencia.herencia.HerenciaServiceImpl.obtenerDescripcionPersona(HerenciaServiceImpl.java:20)
	at com.docencia.herencia.HerenciaServiceTest.obtenerDescripcionPersonaAlumnoDevuelveDescripcion(HerenciaServiceTest.java:16)
	at java.base/java.lang.reflect.Method.invoke(Method.java:580)
	at java.base/java.util.ArrayList.forEach(ArrayList.java:1596)
	at java.base/java.util.ArrayList.forEach(ArrayList.java:1596)
]]></error>
  </testcase>
  <testcase name="tieneEdadMinimaEdadInsuficienteDevuelveFalse" classname="com.docencia.herencia.HerenciaServiceTest" time="0.001">
    <error message="Unimplemented method &apos;tieneEdadMinima&apos;" type="java.lang.UnsupportedOperationException"><![CDATA[java.lang.UnsupportedOperationException: Unimplemented method 'tieneEdadMinima'
	at com.docencia.herencia.HerenciaServiceImpl.tieneEdadMinima(HerenciaServiceImpl.java:26)
	at com.docencia.herencia.HerenciaServiceTest.tieneEdadMinimaEdadInsuficienteDevuelveFalse(HerenciaServiceTest.java:17)
	at java.base/java.lang.reflect.Method.invoke(Method.java:580)
	at java.base/java.util.ArrayList.forEach(ArrayList.java:1596)
	at java.base/java.util.ArrayList.forEach(ArrayList.java:1596)
]]></error>
  </testcase>
  <testcase name="obtenerTipoPersonaAlumnoDevuelveAlumno" classname="com.docencia.herencia.HerenciaServiceTest" time="0.0">
    <error message="Unimplemented method &apos;obtenerTipoPersona&apos;" type="java.lang.UnsupportedOperationException"><![CDATA[java.lang.UnsupportedOperationException: Unimplemented method 'obtenerTipoPersona'
	at com.docencia.herencia.HerenciaServiceImpl.obtenerTipoPersona(HerenciaServiceImpl.java:32)
	at com.docencia.herencia.HerenciaServiceTest.obtenerTipoPersonaAlumnoDevuelveAlumno(HerenciaServiceTest.java:18)
	at java.base/java.lang.reflect.Method.invoke(Method.java:580)
	at java.base/java.util.ArrayList.forEach(ArrayList.java:1596)
	at java.base/java.util.ArrayList.forEach(ArrayList.java:1596)
]]></error>
  </testcase>
</testsuite>